<?xml version="1.0" encoding="UTF-8"?>
<!-- Generated by org.testng.reporters.JUnitReportReporter -->
<testsuite hostname="Milans-MBP" failures="0" tests="2" name="testCase.Test_OpenNewTabRightClick" time="0.043" errors="0" timestamp="2023-05-05T13:18:49 EDT" skipped="0">
  <testcase classname="testCase.Test_OpenNewTabRightClick" name="ScrollWPbyUnit_Test" time="0.016"/>
  <system-out/>
  <testcase classname="testCase.Test_OpenNewTabRightClick" name="ScrollWPbyUnit_Test" time="0.027"/>
  <system-out/>
</testsuite> <!-- testCase.Test_OpenNewTabRightClick -->
