<?xml version="1.0" encoding="UTF-8"?>
<!-- Generated by org.testng.reporters.JUnitReportReporter -->
<testsuite hostname="Milans-MBP" failures="0" tests="3" name="testCase.SaleTest" time="5.037" errors="0" timestamp="2023-05-15T12:11:32 EDT" skipped="0">
  <testcase classname="testCase.SaleTest" name="SaleTest" time="4.301"/>
  <system-out/>
  <testcase classname="testCase.SaleTest" name="TestJeans" time="0.359"/>
  <system-out/>
  <testcase classname="testCase.SaleTest" name="TestSize" time="0.377"/>
  <system-out/>
</testsuite> <!-- testCase.SaleTest -->
