<?xml version="1.0" encoding="UTF-8"?>
<!-- Generated by org.testng.reporters.JUnitReportReporter -->
<testsuite hostname="Milans-MBP" failures="0" tests="2" name="testCase.Test_mensSaleBg" time="8.728" errors="0" timestamp="2023-05-17T13:45:20 EDT" skipped="0">
  <testcase classname="testCase.Test_mensSaleBg" name="SaleTest" time="5.399"/>
  <system-out/>
  <testcase classname="testCase.Test_mensSaleBg" name="Test_Colordropdwn" time="3.329"/>
  <system-out/>
</testsuite> <!-- testCase.Test_mensSaleBg -->
