<?xml version="1.0" encoding="UTF-8"?>
<!-- Generated by org.testng.reporters.JUnitReportReporter -->
<testsuite hostname="Milans-MBP" failures="0" tests="1" name="testCase.LoginTest" time="12.936" errors="0" timestamp="2023-04-26T14:26:55 EDT" skipped="0">
  <testcase classname="testCase.LoginTest" name="loginTest" time="12.936"/>
  <system-out/>
</testsuite> <!-- testCase.LoginTest -->
